<?xml version="1.0" encoding="UTF-8"?>
<!-- Generated by org.testng.reporters.JUnitReportReporter -->
<testsuite hostname="fecfdbcaedfacebfebeecededbfedbcbdaaacd-0" failures="0" tests="1" name="ai.iamneo.runner.Runner" time="27.206" errors="0" timestamp="2023-07-28T07:59:55 UTC" skipped="0">
  <testcase classname="ai.iamneo.runner.Runner" name="hoverProducts" time="27.206"/>
  <system-out/>
</testsuite> <!-- ai.iamneo.runner.Runner -->
